<?xml version="1.0" encoding="UTF-8"?>
<coverage generated="1654673136148" clover="3.2.0">
  <project timestamp="1654673136148" name="All files">
    <metrics statements="20" coveredstatements="20" conditionals="26" coveredconditionals="25" methods="4" coveredmethods="4" elements="50" coveredelements="49" complexity="0" loc="20" ncloc="20" packages="1" files="1" classes="1"/>
    <file name="index.js" path="/Users/zhangrenliu/workspace/tdd-fe/index.js">
      <metrics statements="20" coveredstatements="20" conditionals="26" coveredconditionals="25" methods="4" coveredmethods="4"/>
      <line num="1" count="1" type="stmt"/>
      <line num="2" count="27" type="stmt"/>
      <line num="3" count="10" type="stmt"/>
      <line num="7" count="26" type="cond" truecount="5" falsecount="0"/>
      <line num="9" count="25" type="cond" truecount="3" falsecount="0"/>
      <line num="11" count="10" type="cond" truecount="2" falsecount="0"/>
      <line num="12" count="8" type="cond" truecount="2" falsecount="0"/>
      <line num="13" count="5" type="cond" truecount="2" falsecount="0"/>
      <line num="14" count="4" type="cond" truecount="2" falsecount="0"/>
      <line num="15" count="1" type="stmt"/>
      <line num="16" count="3" type="cond" truecount="4" falsecount="0"/>
      <line num="17" count="1" type="stmt"/>
      <line num="18" count="2" type="cond" truecount="5" falsecount="1"/>
      <line num="19" count="1" type="stmt"/>
      <line num="21" count="1" type="stmt"/>
      <line num="24" count="1" type="stmt"/>
      <line num="27" count="3" type="stmt"/>
      <line num="30" count="2" type="stmt"/>
      <line num="32" count="10" type="stmt"/>
      <line num="35" count="1" type="stmt"/>
    </file>
  </project>
</coverage>
