{"/Users/zhangrenliu/workspace/tdd-fe/index.js": {"path":"/Users/zhangrenliu/workspace/tdd-fe/index.js","statementMap":{"0":{"start":{"line":1,"column":21},"end":{"line":33,"column":1}},"1":{"start":{"line":2,"column":4},"end":{"line":2,"column":30}},"2":{"start":{"line":2,"column":24},"end":{"line":2,"column":29}},"3":{"start":{"line":3,"column":17},"end":{"line":3,"column":19}},"4":{"start":{"line":7,"column":4},"end":{"line":9,"column":82}},"5":{"start":{"line":7,"column":22},"end":{"line":7,"column":69}},"6":{"start":{"line":9,"column":33},"end":{"line":9,"column":80}},"7":{"start":{"line":11,"column":4},"end":{"line":31,"column":5}},"8":{"start":{"line":12,"column":8},"end":{"line":28,"column":9}},"9":{"start":{"line":13,"column":12},"end":{"line":25,"column":13}},"10":{"start":{"line":14,"column":16},"end":{"line":22,"column":17}},"11":{"start":{"line":15,"column":20},"end":{"line":15,"column":36}},"12":{"start":{"line":16,"column":23},"end":{"line":22,"column":17}},"13":{"start":{"line":17,"column":20},"end":{"line":17,"column":36}},"14":{"start":{"line":18,"column":23},"end":{"line":22,"column":17}},"15":{"start":{"line":19,"column":20},"end":{"line":19,"column":36}},"16":{"start":{"line":21,"column":20},"end":{"line":21,"column":36}},"17":{"start":{"line":24,"column":16},"end":{"line":24,"column":34}},"18":{"start":{"line":27,"column":12},"end":{"line":27,"column":30}},"19":{"start":{"line":30,"column":8},"end":{"line":30,"column":26}},"20":{"start":{"line":32,"column":4},"end":{"line":32,"column":17}},"21":{"start":{"line":35,"column":0},"end":{"line":35,"column":29}}},"fnMap":{"0":{"name":"(anonymous_0)","decl":{"start":{"line":1,"column":21},"end":{"line":1,"column":22}},"loc":{"start":{"line":1,"column":36},"end":{"line":33,"column":1}},"line":1},"1":{"name":"(anonymous_1)","decl":{"start":{"line":2,"column":14},"end":{"line":2,"column":15}},"loc":{"start":{"line":2,"column":24},"end":{"line":2,"column":29}},"line":2},"2":{"name":"(anonymous_2)","decl":{"start":{"line":7,"column":14},"end":{"line":7,"column":15}},"loc":{"start":{"line":7,"column":22},"end":{"line":7,"column":69}},"line":7},"3":{"name":"(anonymous_3)","decl":{"start":{"line":9,"column":25},"end":{"line":9,"column":26}},"loc":{"start":{"line":9,"column":33},"end":{"line":9,"column":80}},"line":9}},"branchMap":{"0":{"loc":{"start":{"line":7,"column":4},"end":{"line":9,"column":82}},"type":"cond-expr","locations":[{"start":{"line":8,"column":14},"end":{"line":8,"column":19}},{"start":{"line":9,"column":14},"end":{"line":9,"column":82}}],"line":7},"1":{"loc":{"start":{"line":7,"column":22},"end":{"line":7,"column":69}},"type":"binary-expr","locations":[{"start":{"line":7,"column":22},"end":{"line":7,"column":31}},{"start":{"line":7,"column":35},"end":{"line":7,"column":42}},{"start":{"line":7,"column":46},"end":{"line":7,"column":69}}],"line":7},"2":{"loc":{"start":{"line":9,"column":33},"end":{"line":9,"column":80}},"type":"binary-expr","locations":[{"start":{"line":9,"column":33},"end":{"line":9,"column":42}},{"start":{"line":9,"column":46},"end":{"line":9,"column":53}},{"start":{"line":9,"column":57},"end":{"line":9,"column":80}}],"line":9},"3":{"loc":{"start":{"line":11,"column":4},"end":{"line":31,"column":5}},"type":"if","locations":[{"start":{"line":11,"column":4},"end":{"line":31,"column":5}},{"start":{"line":29,"column":11},"end":{"line":31,"column":5}}],"line":11},"4":{"loc":{"start":{"line":12,"column":8},"end":{"line":28,"column":9}},"type":"if","locations":[{"start":{"line":12,"column":8},"end":{"line":28,"column":9}},{"start":{"line":26,"column":15},"end":{"line":28,"column":9}}],"line":12},"5":{"loc":{"start":{"line":13,"column":12},"end":{"line":25,"column":13}},"type":"if","locations":[{"start":{"line":13,"column":12},"end":{"line":25,"column":13}},{"start":{"line":23,"column":19},"end":{"line":25,"column":13}}],"line":13},"6":{"loc":{"start":{"line":14,"column":16},"end":{"line":22,"column":17}},"type":"if","locations":[{"start":{"line":14,"column":16},"end":{"line":22,"column":17}},{"start":{"line":16,"column":23},"end":{"line":22,"column":17}}],"line":14},"7":{"loc":{"start":{"line":16,"column":23},"end":{"line":22,"column":17}},"type":"if","locations":[{"start":{"line":16,"column":23},"end":{"line":22,"column":17}},{"start":{"line":18,"column":23},"end":{"line":22,"column":17}}],"line":16},"8":{"loc":{"start":{"line":16,"column":27},"end":{"line":16,"column":69}},"type":"binary-expr","locations":[{"start":{"line":16,"column":27},"end":{"line":16,"column":46}},{"start":{"line":16,"column":50},"end":{"line":16,"column":69}}],"line":16},"9":{"loc":{"start":{"line":18,"column":23},"end":{"line":22,"column":17}},"type":"if","locations":[{"start":{"line":18,"column":23},"end":{"line":22,"column":17}},{"start":{"line":20,"column":23},"end":{"line":22,"column":17}}],"line":18},"10":{"loc":{"start":{"line":18,"column":27},"end":{"line":18,"column":119}},"type":"binary-expr","locations":[{"start":{"line":18,"column":28},"end":{"line":18,"column":47}},{"start":{"line":18,"column":51},"end":{"line":18,"column":70}},{"start":{"line":18,"column":76},"end":{"line":18,"column":95}},{"start":{"line":18,"column":99},"end":{"line":18,"column":118}}],"line":18}},"s":{"0":1,"1":10,"2":27,"3":10,"4":10,"5":26,"6":25,"7":10,"8":8,"9":5,"10":4,"11":1,"12":3,"13":1,"14":2,"15":1,"16":1,"17":1,"18":3,"19":2,"20":10,"21":1},"f":{"0":10,"1":27,"2":26,"3":25},"b":{"0":[1,9],"1":[26,25,24],"2":[25,25,24],"3":[8,2],"4":[5,3],"5":[4,1],"6":[1,3],"7":[1,2],"8":[3,1],"9":[1,1],"10":[2,0,2,1]},"_coverageSchema":"1a1c01bbd47fc00a2c39e90264f33305004495a9","hash":"bf2f5d67ef69beef902c4146da315a41f0d6482e"}
}
