TN:
SF:index.js
FN:1,(anonymous_0)
FN:2,(anonymous_1)
FN:7,(anonymous_2)
FN:9,(anonymous_3)
FNF:4
FNH:4
FNDA:10,(anonymous_0)
FNDA:27,(anonymous_1)
FNDA:26,(anonymous_2)
FNDA:25,(anonymous_3)
DA:1,1
DA:2,27
DA:3,10
DA:7,26
DA:9,25
DA:11,10
DA:12,8
DA:13,5
DA:14,4
DA:15,1
DA:16,3
DA:17,1
DA:18,2
DA:19,1
DA:21,1
DA:24,1
DA:27,3
DA:30,2
DA:32,10
DA:35,1
LF:20
LH:20
BRDA:7,0,0,1
BRDA:7,0,1,9
BRDA:7,1,0,26
BRDA:7,1,1,25
BRDA:7,1,2,24
BRDA:9,2,0,25
BRDA:9,2,1,25
BRDA:9,2,2,24
BRDA:11,3,0,8
BRDA:11,3,1,2
BRDA:12,4,0,5
BRDA:12,4,1,3
BRDA:13,5,0,4
BRDA:13,5,1,1
BRDA:14,6,0,1
BRDA:14,6,1,3
BRDA:16,7,0,1
BRDA:16,7,1,2
BRDA:16,8,0,3
BRDA:16,8,1,1
BRDA:18,9,0,1
BRDA:18,9,1,1
BRDA:18,10,0,2
BRDA:18,10,1,0
BRDA:18,10,2,2
BRDA:18,10,3,1
BRF:26
BRH:25
end_of_record
